run_all start: 2025-10-30T20:43:39.367230
steps=[1, 2, 3, 4, 5, 6] gui_steps=[2, 3] top=50 overwrite=True seed=None

--- STEP 1 ---
CMD: /home/leo0607y/anaconda3/bin/python3 scripts/process1/process_unprocessed.py --overwrite
Wrote: examples/processed/A_Study_In_Scarlet_processed.txt (bytes: 232472)
Wrote: examples/processed/The_Hound_of_the_Baskervilles_processed.txt (bytes: 310082)
Wrote: examples/processed/The_Sign_Of_The_Four_processed.txt (bytes: 224750)
Wrote: examples/processed/The_Valley_Of_Fear_processed.txt (bytes: 304300)
RETURNCODE: 0

--- STEP 2 ---
CMD: /home/leo0607y/anaconda3/bin/python3 scripts/process2/analyze_chars.py --top 50 --outdir Output/process2 --gui
Timeout (5s) for: /home/leo0607y/anaconda3/bin/python3 scripts/process2/analyze_chars.py --top 50 --outdir Output/process2 --gui
RETURNCODE: 124
STEP 2 failed (rc=124)
Continuing despite failure as requested

--- STEP 3 ---
CMD: /home/leo0607y/anaconda3/bin/python3 scripts/process3/analyze_ngrams.py --top 50 --outdir Output/process3 --gui
Timeout (5s) for: /home/leo0607y/anaconda3/bin/python3 scripts/process3/analyze_ngrams.py --top 50 --outdir Output/process3 --gui
RETURNCODE: 124
STEP 3 failed (rc=124)
Continuing despite failure as requested

--- STEP 4 ---
CMD: /home/leo0607y/anaconda3/bin/python3 scripts/process4/build_all_text.py
作成しました: ALL_TEXT.txt (文字数=1071604)
RETURNCODE: 0

--- STEP 5 ---
CMD: /home/leo0607y/anaconda3/bin/python3 scripts/process5/generate_ngrams.py --ngram 2 --length 200 --alltext ALL_TEXT.txt --out Output/run_all/step5_ngram2.txt
生成結果を保存しました: Output/run_all/step5_ngram2.txt
RETURNCODE: 0

--- STEP 6 ---
CMD: /home/leo0607y/anaconda3/bin/python3 scripts/process6/generate_markov.py --ngram 2 --length 200 --alltext ALL_TEXT.txt --out Output/run_all/step6_markov2.txt
生成結果を保存しました: Output/run_all/step6_markov2.txt
RETURNCODE: 0
run_all finished: 2025-10-30T20:43:52.597541
