run_all start: 2025-10-30T18:40:39.760160
steps=[1, 2, 3, 4, 5, 6] gui_steps=[2, 3] top=50 overwrite=True seed=None

--- STEP 1 ---
CMD: /home/leo0607y/anaconda3/bin/python3 scripts/process1/process_unprocessed.py --overwrite
RETURNCODE: 0

--- STEP 2 ---
CMD: /home/leo0607y/anaconda3/bin/python3 scripts/process2/analyze_chars.py --top 50 --outdir Output/process2 --gui
RETURNCODE: 0

--- STEP 3 ---
CMD: /home/leo0607y/anaconda3/bin/python3 scripts/process3/analyze_ngrams.py --top 50 --outdir Output/process3 --gui
RETURNCODE: 0

--- STEP 4 ---
CMD: /home/leo0607y/anaconda3/bin/python3 scripts/process4/build_all_text.py
RETURNCODE: 0

--- STEP 5 ---
CMD: /home/leo0607y/anaconda3/bin/python3 scripts/process5/generate_ngrams.py --ngram 2 --length 200 --alltext ALL_TEXT.txt --out Output/run_all/step5_ngram2.txt
RETURNCODE: 0

--- STEP 6 ---
CMD: /home/leo0607y/anaconda3/bin/python3 scripts/process6/generate_markov.py --ngram 2 --length 200 --alltext ALL_TEXT.txt --out Output/run_all/step6_markov2.txt
RETURNCODE: 0
run_all finished: 2025-10-30T18:40:39.762529
